0 info it worked if it ends with ok
1 verbose cli [ 'C:\\Program Files\\nodejs\\node.exe',
1 verbose cli   'C:\\Data\\Projects\\aurelia-bs\\node_modules\\npm\\bin\\npm-cli.js',
1 verbose cli   'run',
1 verbose cli   'build:native-modules' ]
2 info using npm@3.10.10
3 info using node@v8.6.0
4 warn invalid config loglevel="notice"
5 verbose run-script [ 'prebuild:native-modules',
5 verbose run-script   'build:native-modules',
5 verbose run-script   'postbuild:native-modules' ]
6 info lifecycle aurelia-bs@0.1.7~prebuild:native-modules: aurelia-bs@0.1.7
7 verbose lifecycle aurelia-bs@0.1.7~prebuild:native-modules: unsafe-perm in lifecycle true
8 verbose lifecycle aurelia-bs@0.1.7~prebuild:native-modules: PATH: C:\Data\Projects\aurelia-bs\node_modules\npm\bin\node-gyp-bin;C:\Data\Projects\aurelia-bs\node_modules\.bin;C:\Users\mail\AppData\Roaming\npm\node_modules\npm\bin\node-gyp-bin;C:\Data\Projects\aurelia-bs\node_modules\.bin;C:\Program Files (x86)\Microsoft Visual Studio\2017\Enterprise\\MSBuild\15.0\bin;C:\Windows\Microsoft.NET\Framework\v4.0.30319;C:\Program Files (x86)\Microsoft Visual Studio\2017\Enterprise\Common7\IDE\;C:\Program Files (x86)\Microsoft Visual Studio\2017\Enterprise\Common7\Tools\;C:\Program Files (x86)\Intel\iCLS Client\;C:\Program Files\Intel\iCLS Client\;C:\Windows\system32;C:\Windows;C:\Windows\System32\Wbem;C:\Windows\System32\WindowsPowerShell\v1.0\;C:\Program Files (x86)\NVIDIA Corporation\PhysX\Common;C:\WINDOWS\system32\config\systemprofile\.dnx\bin;C:\Program Files\Microsoft DNX\Dnvm\;C:\Program Files\Microsoft SQL Server\120\Tools\Binn\;C:\Program Files\Microsoft SQL Server\130\Tools\Binn\;C:\ProgramData\chocolatey\bin;C:\Program Files\dotnet\;C:\Program Files (x86)\Skype\Phone\;C:\Program Files (x86)\Microsoft SQL Server\Client SDK\ODBC\130\Tools\Binn\;C:\Program Files (x86)\Microsoft SQL Server\130\Tools\Binn\;C:\Program Files (x86)\Microsoft SQL Server\130\DTS\Binn\;C:\Program Files (x86)\Microsoft SQL Server\130\Tools\Binn\ManagementStudio\;C:\Program Files (x86)\Intel\Intel(R) Management Engine Components\DAL;C:\Program Files\Intel\Intel(R) Management Engine Components\DAL;C:\Program Files (x86)\Intel\Intel(R) Management Engine Components\IPT;C:\Program Files\Intel\Intel(R) Management Engine Components\IPT;C:\Program Files\TortoiseGit\bin;C:\Program Files\Microsoft SQL Server\Client SDK\ODBC\110\Tools\Binn\;C:\Program Files (x86)\Microsoft SQL Server\120\Tools\Binn\;C:\Program Files\Microsoft SQL Server\120\DTS\Binn\;C:\Program Files (x86)\Microsoft SQL Server\140\Tools\Binn\;C:\Program Files (x86)\Microsoft SQL Server\140\DTS\Binn\;C:\Program Files (x86)\Microsoft SQL Server\140\Tools\Binn\ManagementStudio\;C:\Program Files\Intel\WiFi\bin\;C:\Program Files\Common Files\Intel\WirelessCommon\;C:\WINDOWS\system32;C:\WINDOWS;C:\WINDOWS\System32\Wbem;C:\WINDOWS\System32\WindowsPowerShell\v1.0\;C:\Program Files\nodejs\;C:\Program Files (x86)\Yarn\bin;C:\Program Files\Git\cmd;C:\Users\mail\AppData\Local\Microsoft\WindowsApps;C:\Program Files (x86)\Microsoft VS Code\bin;C:\Data\Projects\Dnt\Dnt\bin\Debug\netcoreapp1.1;C:\Users\mail\AppData\Roaming\npm;C:\Users\mail\AppData\Local\Yarn\bin;C:\Program Files (x86)\Rico Suter\NSwagStudio\full
9 verbose lifecycle aurelia-bs@0.1.7~prebuild:native-modules: CWD: C:\Data\Projects\aurelia-bs
10 silly lifecycle aurelia-bs@0.1.7~prebuild:native-modules: Args: [ '/d /s /c', 'cross-env rimraf dist/native-modules' ]
11 silly lifecycle aurelia-bs@0.1.7~prebuild:native-modules: Returned: code: 0  signal: null
12 info lifecycle aurelia-bs@0.1.7~build:native-modules: aurelia-bs@0.1.7
13 verbose lifecycle aurelia-bs@0.1.7~build:native-modules: unsafe-perm in lifecycle true
14 verbose lifecycle aurelia-bs@0.1.7~build:native-modules: PATH: C:\Data\Projects\aurelia-bs\node_modules\npm\bin\node-gyp-bin;C:\Data\Projects\aurelia-bs\node_modules\.bin;C:\Users\mail\AppData\Roaming\npm\node_modules\npm\bin\node-gyp-bin;C:\Data\Projects\aurelia-bs\node_modules\.bin;C:\Program Files (x86)\Microsoft Visual Studio\2017\Enterprise\\MSBuild\15.0\bin;C:\Windows\Microsoft.NET\Framework\v4.0.30319;C:\Program Files (x86)\Microsoft Visual Studio\2017\Enterprise\Common7\IDE\;C:\Program Files (x86)\Microsoft Visual Studio\2017\Enterprise\Common7\Tools\;C:\Program Files (x86)\Intel\iCLS Client\;C:\Program Files\Intel\iCLS Client\;C:\Windows\system32;C:\Windows;C:\Windows\System32\Wbem;C:\Windows\System32\WindowsPowerShell\v1.0\;C:\Program Files (x86)\NVIDIA Corporation\PhysX\Common;C:\WINDOWS\system32\config\systemprofile\.dnx\bin;C:\Program Files\Microsoft DNX\Dnvm\;C:\Program Files\Microsoft SQL Server\120\Tools\Binn\;C:\Program Files\Microsoft SQL Server\130\Tools\Binn\;C:\ProgramData\chocolatey\bin;C:\Program Files\dotnet\;C:\Program Files (x86)\Skype\Phone\;C:\Program Files (x86)\Microsoft SQL Server\Client SDK\ODBC\130\Tools\Binn\;C:\Program Files (x86)\Microsoft SQL Server\130\Tools\Binn\;C:\Program Files (x86)\Microsoft SQL Server\130\DTS\Binn\;C:\Program Files (x86)\Microsoft SQL Server\130\Tools\Binn\ManagementStudio\;C:\Program Files (x86)\Intel\Intel(R) Management Engine Components\DAL;C:\Program Files\Intel\Intel(R) Management Engine Components\DAL;C:\Program Files (x86)\Intel\Intel(R) Management Engine Components\IPT;C:\Program Files\Intel\Intel(R) Management Engine Components\IPT;C:\Program Files\TortoiseGit\bin;C:\Program Files\Microsoft SQL Server\Client SDK\ODBC\110\Tools\Binn\;C:\Program Files (x86)\Microsoft SQL Server\120\Tools\Binn\;C:\Program Files\Microsoft SQL Server\120\DTS\Binn\;C:\Program Files (x86)\Microsoft SQL Server\140\Tools\Binn\;C:\Program Files (x86)\Microsoft SQL Server\140\DTS\Binn\;C:\Program Files (x86)\Microsoft SQL Server\140\Tools\Binn\ManagementStudio\;C:\Program Files\Intel\WiFi\bin\;C:\Program Files\Common Files\Intel\WirelessCommon\;C:\WINDOWS\system32;C:\WINDOWS;C:\WINDOWS\System32\Wbem;C:\WINDOWS\System32\WindowsPowerShell\v1.0\;C:\Program Files\nodejs\;C:\Program Files (x86)\Yarn\bin;C:\Program Files\Git\cmd;C:\Users\mail\AppData\Local\Microsoft\WindowsApps;C:\Program Files (x86)\Microsoft VS Code\bin;C:\Data\Projects\Dnt\Dnt\bin\Debug\netcoreapp1.1;C:\Users\mail\AppData\Roaming\npm;C:\Users\mail\AppData\Local\Yarn\bin;C:\Program Files (x86)\Rico Suter\NSwagStudio\full
15 verbose lifecycle aurelia-bs@0.1.7~build:native-modules: CWD: C:\Data\Projects\aurelia-bs
16 silly lifecycle aurelia-bs@0.1.7~build:native-modules: Args: [ '/d /s /c',
16 silly lifecycle   'cross-env tsc --project tsconfig.build.json --outDir dist/native-modules --module es2015' ]
17 silly lifecycle aurelia-bs@0.1.7~build:native-modules: Returned: code: 1  signal: null
18 info lifecycle aurelia-bs@0.1.7~build:native-modules: Failed to exec build:native-modules script
19 verbose stack Error: aurelia-bs@0.1.7 build:native-modules: `cross-env tsc --project tsconfig.build.json --outDir dist/native-modules --module es2015`
19 verbose stack Exit status 1
19 verbose stack     at EventEmitter.<anonymous> (C:\Data\Projects\aurelia-bs\node_modules\npm\lib\utils\lifecycle.js:255:16)
19 verbose stack     at emitTwo (events.js:125:13)
19 verbose stack     at EventEmitter.emit (events.js:213:7)
19 verbose stack     at ChildProcess.<anonymous> (C:\Data\Projects\aurelia-bs\node_modules\npm\lib\utils\spawn.js:40:14)
19 verbose stack     at emitTwo (events.js:125:13)
19 verbose stack     at ChildProcess.emit (events.js:213:7)
19 verbose stack     at maybeClose (internal/child_process.js:927:16)
19 verbose stack     at Process.ChildProcess._handle.onexit (internal/child_process.js:211:5)
20 verbose pkgid aurelia-bs@0.1.7
21 verbose cwd C:\Data\Projects\aurelia-bs
22 error Windows_NT 10.0.15063
23 error argv "C:\\Program Files\\nodejs\\node.exe" "C:\\Data\\Projects\\aurelia-bs\\node_modules\\npm\\bin\\npm-cli.js" "run" "build:native-modules"
24 error node v8.6.0
25 error npm  v3.10.10
26 error code ELIFECYCLE
27 error aurelia-bs@0.1.7 build:native-modules: `cross-env tsc --project tsconfig.build.json --outDir dist/native-modules --module es2015`
27 error Exit status 1
28 error Failed at the aurelia-bs@0.1.7 build:native-modules script 'cross-env tsc --project tsconfig.build.json --outDir dist/native-modules --module es2015'.
28 error Make sure you have the latest version of node.js and npm installed.
28 error If you do, this is most likely a problem with the aurelia-bs package,
28 error not with npm itself.
28 error Tell the author that this fails on your system:
28 error     cross-env tsc --project tsconfig.build.json --outDir dist/native-modules --module es2015
28 error You can get information on how to open an issue for this project with:
28 error     npm bugs aurelia-bs
28 error Or if that isn't available, you can get their info via:
28 error     npm owner ls aurelia-bs
28 error There is likely additional logging output above.
29 verbose exit [ 1, true ]
